(1 times) 0.835V -> delay 29 -> 0.630V -> delay 35 -> 0.835V
resp:Armed!
count: 0
send: delay 1300
resp:Triggered!
delay
send: 1 0.8350 29 0.6300 -25 0.8350
resp: Delay Set!
1 0.8350 29 0.6300 -25 0.8350
(1 times) 0.835V -> delay 29 -> 0.630V -> delay 35 -> 0.835V
resp:Armed!
count: 0
	[Enclave] plaintext: B23F109B5427AC87CE566D0A08C2B461
	[Enclave] ciphertext1: A398F202FAECE6E70614D0D85985AC57
	[Enclave] ciphertext2: 687F48A4F2B1869EB2710AACF5A88484
	[Enclave] Iteration: 568
	[Enclave] >>>>> INCORRECT ENCRYPTION <<<<
	[Enclave] dec: B089EF7D1978ACF0F513775314AE9C92	[Enclave] 7B6E55DB1125CC894176AD27B883B441	[Enclave] 10: CBE7BAA6085D6079B465DA74AC2D28D3.
	[Enclave] dec: 673C0D2F3FAFFE1463C42ADCBA806FBE	[Enclave] 673C0DD03FAF931463482ADC37806FBE	[Enclave] 09: 000000FF00006D00008C00008D000000.
	[Enclave] dec: E67AB2A6D9245216E96554D2E07385A5	[Enclave] E67AB2A6D9245216E96554D2E05D85A5	[Enclave] 08: 000000000000000000000000002E0000.
	[Enclave] dec: 39A7B0D181063D2850E1093EFCBDA170	[Enclave] 2FBBA2CB81063D2850E1093EFCBDA170	[Enclave] 07: 161C121A000000000000000000000000.
	[Enclave] dec: 9140817DC824179667C9A0E5335C875A	[Enclave] 47FD68EAC498F5B34589B3727B34DF2A	[Enclave] 06: D6BDE9970CBCE2252240139748685870.
	[Enclave] dec: 895AAED9231FCAB5F4B3D0B786B98E82	[Enclave] FE68E1948BD2E8A9ADBEB010FF2DC3FF	[Enclave] 05: 77324F4DA8CD221C590D60A779944D7D.
	[Enclave] dec: 591FBB9DBF299E27366E68F5C24BB1D2	[Enclave] 9C5950D3C37758077A47904CF0882ED6	[Enclave] 04: C546EB4E7C5EC6204C29F8B932C39F04.
	[Enclave] dec: 551EB59E3F8276B31683728884FAFB51	[Enclave] DECF3A7D78D63444CB4444D44E52760F	[Enclave] 03: 8BD18FE3475442F7DDC7365CCAA88D5E.
	[Enclave] dec: FE07EC596460A18834D5216C18620EBF	[Enclave] C92FC21075DE43753083FFE6EF759612	[Enclave] 02: 37282E4911BEE2FD0456DE8AF71798AD.
	[Enclave] dec: 3793859F53CFF446B48AC9CDF2B2AC7C	[Enclave] 59D7BBAF39711B172021D928504574AC	[Enclave] 01: 6E443E306ABEEF5194AB10E5A2F7D8D0.
	[Enclave] dec: B23F109B5427AC87CE566D0A08C2B461	[Enclave] 1569E7845F08CCE95C25F4A160764A14	[Enclave] 00: A756F71F0B2F606E927399AB68B4FE75.


// out:
a398f202faece6e70614d0d85985ac57 687f48a4f2b1869eb2710aacf5a88484


ubuntu@vm-dev:~/dfa-aes-master/analysis$ ./dfa 4 1 faulty_resut_Z170.txt
(0) Analysing ciphertext pair:

a398f202faece6e70614d0d85985ac57 687f48a4f2b1869eb2710aacf5a88484

Number of core(s): 4
----------------------------------------------------
Fault location: 1
Applying standard filter. Done.
Size of keyspace: 7549747200 = 2^32.813781
Applying improved filter. Done.
Size of keyspace: 432 = 2^8.754888

432 masterkeys written to keys-0.csv

ubuntu@vm-dev:~/dfa-aes-master/analysis$ cat keys-0.csv | grep 0102
000102030405060708090a0b0c0d0e0f
ubuntu@vm-dev:~/dfa-aes-master/analysis$ cat keys-0.csv
9de98cac757b684dcd0ae796bf2c4586
c5996c5ae78b4dd092f887d4d544a7d0
cfb318dcf1c58b3a2a167e1cb967b5e5
d40a1cdded23f42596033ca535284973
690d6a801d9b6e6c004da4421b230df1
e7fe4aea69bc8fb7a077ed5607aadfb5
5325c7632ac70cd77eda0c057d177f84
07337ba00c753416459c1bc1bbf23dd8
daa9a1d24f4ae830b6a1dfd09a224032
35a42b5fbe7e08abae92323bb579ca1e
f307d9c828c8d6cd7dfde1c59d39434a
93f4fd578d6b26f108a8de270e6b043b
9db58356def78f829a3bd20006672cd8
de5c2f92a6df38def42d92bc9915ad27
57dc2c994074ae07c9ebb5ff0c819e90
8b61aea1ed138e956c3e35fc08f23ea5
93b11259cfba00a970ae73782d13ca6d
13b73b71534e945d345fa7837b2bc4ac
5ec1843f1d4bd0d78195209f52852cc0
e2421fc01996b2d128b9442260ba05ac
72a3375e8bd80c61be3c7954d516f963
6ff8e3a240f1953e6c7f9398aa83f6fd
3696fe36ea99ea7ca6cd84d7392d9c06
93bb07f13ae6e285cc31ee8bb2073473
4c2303abc759b88a1ae10f13494f2bf6
a58cdb900a1372ec8ad100500d1d4c43
0aebef7ac761b543e338508f375c2990
515fdde150c8a6132007b337848ab7f1
f8dc235f01e0b4e08007eb9072e15a89
412c8acd8b5aabc0fdc3305aeb4a00f2
0cf4b06aa8624c717cd0bd06f8c99aef
82dff75ac76d2f1fd0a92234fed39a31
3cb85695131dbe96a7f2acb1f4d061d3
fecdd9b61a32f4bc2b9a0822e26ae3f2
acd59feab77f14d55d73860cb6cdbbf0
cc205f9e0bb6387e97d3133d2766e0d5
db2354d0b174512ab7af0d97799d4132
822840dc9c682cd6b74f5b6981f3b5ec
da84618d0e6900f219a837228bf8ad94
5d40e50b288fddf74466cbce9a017dfd
56665b380f45ca2a338e387a7145d4fc
03b84bd080396f9bb51dfd6e2c66cf60
07bb5bf5abe7a4aa6a21afe27ca1ef3d
9b6db4071b93b1b646981ad022732c13
8249a36aec20bbd08f0f88ea17a971a5
766521cd7ff5f6caa7740605edb68aa5
a73322839124c47b0b5e18f218624c35
f7941e40a3c3f2622a340020a7d875a0
b2b8782b6720cb706026bed793ff6dbe
5d6a256f87959560bc98bca30d94b372
03ba41cdc2befb1ac83a0a39a5947daf
a9511b1b501dc608878ad9a54d5948db
a69d9ec593f34497fabfba6364e508e7
dd0a97a62bdab1cb43fac572f6f58726
b1b71bb3d074e0525d0402c5933d11ad
6a331d0d78bfd015b3230253292de4b9
91abd4b1d0fae2ae9ac32174574accc7
62788306254d1c2dcd8a07bc340e3d25
4a272da720b49be1fd7581fd21380fbb
1dcc78c7c455502d1bf449766414c3d8
e4209890d039891150b1c358c2d37e8f
8e8c43592fae0db2c94b348dc0a0ebe4
f8cc8218d943cb7b3d47446d77ef2f1d
0c81093088dcd443a61789393049802e
eb89c2cef330a93018aa4c1a0a326342
e706520cf673b328e69ac403e770a86c
e46440b72c4ecebbf9591652c5da4bd4
b2f5a335c9f57bce91549094f5e3edc4
f54b1e2370e62b53ed1042bd9414f33d
214e565ac09a3e48628a6efd95262765
3cd8250726c92a07c5a860a139f35faf
4a66e9b6167ea22f6e8155f53372554c
aa716c7a5a670ab08ff16bd2d8c3cc3c
2568affcdcb2d647d89f5f1a372c7042
1c4860a6ef9ee29e0e217915b8375aeb
09d8728c0ef9c09d15610d6d66cc1890
6f00c71f84163236564769ade4ebdd0f
ff799ab0c5b4eddc090413d2e478f705
008c4e14cc0110bd830d59c33971e14e
c9512cce1ac0b922fdbd25b261504f3f
8e04dfb14a987ab1b5ae19956d0ae997
b34ce2f841d78b654a06f52ab3bd4d38
380763d22b76b5f3af458744e098406b
1e1aac9892360fdd6bc8eebf3ad0bf29
577d8efa1153c048fd3c7e8ce72afdd9
1e42aeb86aef01a18e0ae89560c8908e
d25426e4e4d0e178464849ef19b9f0ee
571d569ea859e761298b53701dbb4d6c
626d86f1918daf1d6adf24a2ca45cc76
3551313d635e22c6bff988523c9c4978
9dda100fafe4290dcbbc4a1d624b2bf3
63c75ea65c4077af6d5c88f45e03eb85
d4040a33f3686e2a3dcc6e6d84e8372e
e56a90a0570babdebf6e6ecfdc76133d
365d5d8aefe8afed31c8d0a47e8e391a
313872762df792e8af3481cc5246f250
2baa425443373bf65d1781550449d08f
4e92b7b2b4509bf38543f143257da964
6d0103815b936ba1dfefa58e9c04762e
c1a1e222b3f4a896e9ef6776230efa88
8608475e4d0a2e6186efc6c436ce7fb0
46cfa3026725556c57b04043d6886a13
63cd2f897dd3f95d5bd80eed1f92e6bc
bc741efb2708ef2b64a6ee8a704fb9a5
a9d5c7fcbe6aa6f58262cad96aadb894
e8deafc58beeb7301d27b0215003836a
9a2039ec82c33c24db6168a607d8a1f4
96b135c70cc524533f7a75a877f19ed3
d6b9b28eacc8feb8604ba1f357f24a87
873e460b7ce94401b2e0dc2f413687ae
330aa84de7906065081193030bbc64fe
cbe1c21817c2acb475ff59c7577fdc48
00dc04506eb83996bb45f84956d8febd
0d7490ac8dba6444217e6ad0460f9908
a62e8ccb073e80d078f38e4149b98b1f
135021d0e59b91580e79285c1877472a
c97847a73a9ac47278f1afd8711884f6
de49c47b7ab8464d615f455c3a280ce8
9116d87d2ec196f66acdb4f46a1a52d7
a24a5f5bb0f2c7fec22875562fa59f0f
f4f12221e8f5a74e8d390e62f8c080d1
e6925703bec455d02998b1981ec8e0b0
9fbe53883acfcd67b00e0c28748518e0
5ae71a5567dc89124c08ee5728cdaf77
d50dad53ec7697b80649cc92c3249620
9b3403b657e17480a7eaa1d3c9ba84fa
af161bc910ce79a6ef143f2347590719
de26559a3c8b46c8ea1c7b957ffef3ba
a917149318907309952b24fe191d3b95
f658bb362abe880703e3b51d4407c273
22904f7d25c8c4cda883df1737244c83
93e1d3632cc36f8fa627baa3aa390ed4
4ef586ce7e0d17c5147352d8ade0de75
b7bdb3cc5221a97e67880d5a42683691
ae574a76566052fa3a928eb7107b1dba
0cfd7ac083b6531e5ea325bd5c60263f
65f43aa6d93a57938ca73bd8aaba126d
1ddf3060470017386fea778eaf90d964
8979858bf61f81a2118a6392fe47f208
f048fca73cf0a18dac7a1d4d922f4d27
542386ea7e34d618f82cac53ff8f4fdf
b364d1c8e29b841cd05f739b0ae4d2f3
4a50ad58225e1daeef6cf20cecb3c5eb
f2132b91d6f2b765e71136e112613089
e030a45c58e3ef420f0c712ee1ca2c05
086032ada9c05a31c13e991afeecda15
967c3b64d76c134162e2e9b8a0861775
53a6df465004e9ed4848a31f41973b9b
addd2bd604428f6cb5b6e6a0a6661542
f7561fff463cbea3db7b167c63cef8c3
7f1988b436a95dfa2b9eef6d9402b438
75129c90ac80eb884e06ac9404d5cdfc
51b486c2fa336e978966c70820e2a474
529ca5edb74a3953a3550dd4245fb41b
207852417ab9a9e6db7b4b3b3d831c5e
a95e71c7d1cb9d0bb0632ac15820c189
1e77b0afb4d2dd016e91a40b920c99ab
40c8802790a751d1ce4c60183d886feb
1324dc02d6b057345957586da3e9cb1e
181e53ef05779f643d4438df58905c1f
86ede7eeb49eb706d331ca4aee780f06
169b83c4c4d65a3aa54daeea1ca775f6
a9672f8f284262947b980adb7815c2a6
8ff8fcd9c7a2d6785f3172ae614413a7
08875b722327547aface987188f81436
36f6079afc179d1cb7dc194a90d36905
3b60784d9cb29d1d5e8ab0fb42b02a81
9bc019ec6b0e960707c46a5cef7963d7
8fc6d4e4abb50379082cce587177753d
0f1c84e170a3b81252dbc358bcbf8cd3
79fb75e45a8d6f23bd93f9f4ebb233a8
3895864ec60463f5430c9cf0215a6523
e256e73a1fbfb8de91a9b53ff229d2bc
2f8f958243af4c8b7a8d7aa46481580e
a8966a25d829484ab1a007db2ebbd00a
4ac1c1d3016fa1e2f31f9d11266497eb
a670bfe1231581b3137b651033531318
baceb1d88c8d117f9a04cde8d0d157db
8267609f10fe774ea01f24109c9799dc
73564bdaa7a931df28a855c4d5b5a7ca
613408d095c73a696d48d8b9f53b0ee3
ab282cb40ff33e36d4468fd7ba266550
0a709de3a26587345e84ad2d13a1bd50
62dbe69eceb82416cccd61572d257fe2
37843c91d99cc86348d65553c0b3a686
c8fa0cd8f88832ef045416c2b2fbcfa0
a0a72bc106c1aa76d6cea31cfd727752
768d5d751af1d4b9d89305bf9c418036
9be39426533c3b908792682cb6e3f320
9f8e3bd9e800bc406428ab7960d81b3a
962c11f303081c5515bd066daec06b24
56e7f85668b3b8dd368ba9c933b3d625
b8755230e794fb572f1207864203f104
67b8ef24e753ae1d63eb7796823a4f59
1ad3681db15911ffb0344b2d34f4cd13
46b476423a5e5f314013516d19a20041
ec076a4f85a7dd8848b06f2ca283f1ea
b7e3020abdada91140fa4665b71844eb
8f5b059a9bb10e71c39238d0635e8b4e
c50fe995f4b7d69fbcab787f177127d9
2c0faf96a368a5e1bb4a71dde35e8363
7aa5fa98afcc4d192df242a0e0c59a6f
9aac43e7794135499be58cd0857732c2
c46c4fc9c36c55cf436e2d4ff1090277
036071b719a31fa0a488ddf69851d9ff
b7a045fe290465772f079a145813ed17
0124ffab44c739f42eb61f9cb240f9fa
b28423b4804161d25164257f662bd2df
f02265b5bed162247483b16b01c67d9e
52bb630a5248b5b29aa54e9624655279
ba416f90f00c3a2ee132ad53a5529c80
d08bb84ffa0fa22436f748eeba33ec42
422cc9c886fbd5e93e11adaae5078c6d
1c868f95bb3b7c96e2fb746e6dbaec07
27b5f4b32612f860e1108f5c84daeed7
18ca369967b1f957e0382cb2d9c61bb0
4dba6ffe5ee9a0776b8eea18eaa1cd20
09c2c91b0d170be25ee9ae3ab52e79ca
d6f6a9bc47157e25637f7b21645859e4
a717cac04607573eef23c6079e36275a
817c1b95fd5a53c3a3d60303845bf94b
3e2e92bf2b92224e4a09d692c84e48bc
6da05d1c9543253cafae29116da369e6
482778b7ef3f1ac7b5d441afc8f31cdf
a3063ccd4248520fc50aec76e426687e
46cd0825e628e9b3c523e93746bf85d7
c5254a41e08b0f6983614551c8c5dab8
e7753d1d91ad91c4d46db50de239f574
e54ea2efb257f0ed778884ce2ac799b2
b7725bb5b4516e60b537a1422af5ffdb
ceb7ce7ba306e88500dc1e93a770484f
8ca5fed0341363ce199c9a4dbe0371a3
677ab294cc0d2a793839261c4095e09e
c12f06a9e9c3c7bbc9a9f57636273112
3521e162a365f4f9dbef197b7e195203
055a31beedff210aa64bdb4935c6004b
4712200210794f605bc294d2edf3e078
810c2fb894accd5e69fe1ac348ce3050
9c4ca188096980d573615d933c3ce8d9
73196053a4e9c6afa714a28c2177b176
8da185fb90b175b12e3575c423644f57
d9882e9150c0ccd1cf9c3a09148abff0
5a66a70f1365b82d104e2fc73eeb6d6c
87f0c18ca4395c016e2ade42d77b538b
b1dc945795a3b42b832830c6ac827af3
465e2be95a50cc912937c62f50302037
1ec213895b5d405e75b2e88cc43040f2
742f25fc13ee9a37b8e5b8fee82bdfc1
55c19c248d0e0cc43ea38b9468111c3c
5b15a37fd887ae8b60185448358a18f8
25ab837afc9c674fb1e2c876fe3d99da
09bf6787d6f462eeb26774e4f5f9ae13
8f6341e620bd21fe89ca3ecbbb8d8c6f
4296bb68808138c82f2f033344061d9c
9a8bd1b91530544e4a068dcf66ea14f6
e50740a369bf5b2c61789177ef7eb6ec
e7efb3380e261dd39cde42b9bea75b5b
4e32f2463623a5f63872de62fbfdea39
44b0da9543098487a79610312f94c98a
38805720ab2c17be1842bb08fcbb0c3e
afe4bade7429948fc45d7c0a66ce44ee
f450abae3f56917ab846455df7acd09e
d9ba00e9dfe1abc2a8e3758ca09edcdc
c1ca15573758e2205fb6c22806cc77e4
05ea947e7ddb239874f7f0ca08113f2f
eca1dc26db80ba3ca19b8fda6d9f6588
85437a5b7fd11f92acf750d3eea0dc55
b7f3c715199bb5305dd7f748b3a66f97
85303c00bb68b803c00327153bfb0511
aa51a7666d447883d56b99a9686199b4
580f41f7e0009f4e1ad882c361b0f2a7
73a5237e0da24e866944415b7cbe494b
604869795f5897fac3864235b6c700fb
c209f047991b47cad50afd846b18f99e
704be2c546984c313bacdc56c4b48a50
edea91e8c3463f35186b818dcfe23f48
502c6363df1a11ef08b547afacde6be5
11f8ebf0d2033a33353874b439d1c95b
8cec92af57c7bd44c5259a9c506ade0a
3574c4e71d65124bd127078e233d978d
0c088a85df1dc791fdfbe8f0cb95e104
a1ecbb30c63ec21fb6803c41650b6a60
e14b4468bfdcd789fdebc48aeacf2572
e3082e70ed4bad7d59ad3d78fc84f930
ce7cf4284e4e4bfefe02e3730aecb176
1d834a414c08b428fd4e42a105af5e91
15de594bcde4d02781ee9a2009ab88ca
0f85088632b9d240bea968b181bc78db
74de1d7f212bf61e641939593ab8ae92
34e7be63c85955df80d3b0ae84ed86f2
9c5c3dca5bb133c1e068c6dbb582a9da
927512112d3d3a0969a07bedcf0e2df4
7cacc742fc45bf16588dd8f5a857fe92
d4d0b6497887efbe53861ab34946cffb
4880063f797a13bb342c34a6cb1c80d3
9b561d6a728f0706f5bc121d72005082
823f34b074e75918c17d0f3fdd8df515
86a5141a461118ef220783caf8654a8c
e033ed7d6b36a4950355a21916cb4681
0de660e39f8ba5142f59aca9834d5e5d
d65fe1d2f4e9a23c0db057d120367363
fbf7ff73a76c7f8b52edd775ba5e0dd9
65b093687e5d19a133d23b056b914a8c
d801a891a97ff6dac2d966f60836c5c7
5137d14ffd0f5bc58b63820991c0eeed
09e97b91702ad4b4b555d26f8f4eac04
80ec95743ef2fa4082eaf6dca43f2898
5d28fac79d57c3f14e2144118cde0516
5ad7a7cf2fa0b654ab029744598d38ab
7eab1bdc53fc1ebf789629082d2a7c7c
82c778b533c12982452357ee05f51295
101999a97d0da155f9f93b7b60d930b8
3a05421c171207c5317af3ced95b3310
444d9283bbea95ab168019d53bb8cfb9
cfebb18a20c908734bf4addbd91c1793
f0d5edbcda01ebbf8a0c7e13f7c119cd
f9e8c80bacfb60e5a2efae25581920c5
13ed5d569f9989a83f2ff201e31dd53f
efeded91e9854606411bd295b4e08e81
dd13641e2a17c53b670f5f65c9186901
6a736ef3ea728babc4eea8fae3ca81ab
755e451b76bef6a0d4f6e9bc6cd65acd
746182c5dec6e1c754957aef1ff430af
bd3b0847a134476c3acf73bc1c143b60
385fa9a86b8db140962775d0e5bf07b8
00deeb2bc7feeac370ecb9f27ab80651
afe2b457fb8c74dd08d1e2ff411f9683
88b7f0f4f86fdf940ee8a84450440954
cd832cd13a075958751f191a5c21b3bc
64475bae3fbbc8425f57b839461291ad
cf70364a507d450b911c56c1aeb697a1
1294e03110517e3ab87c517922b34fe1
a583dc5ec4e3ad20e4860744f0358d16
c6f100ffa7967eadc0e55094b5ad97e2
573a4c7a883a7683b16a25af120d25f5
3b0d4ea0ea98cc94f95597dd990c82b5
c7c1d980dc7d89850ff03f519f6a6998
08645593adf33daff1939bbc197d780c
ca5a3ffdaf4c0c955b54f40dffdccad0
a3ed5618ea13f14c2546b4cf93985077
2559e95c12e5e4a7bee78cd34a1653c4
e8c800ac211e595ec6bf912984824819
9f211de136c48be11fbf228f79689596
c502811f8f3af1d525a87dd5b7cae814
7f6ec8f4c253719fc0fcc20b8040de86
0582f5e6705fd0a1f62b9de305c9ea28
f5901a2d554b95a16122493a0d4eebd4
908f24d3452ccf513459c9776a3b135b
1141cbe8bdb314132f5924d499db93ea
6036f20eaa2a7d0c58406206acf6899b
43d33c6e515bb23bc23c686a36fd3f2e
156256e699f294b0e65e10b0f334ac8a
01c8add72666f069e5a2bf87e3ae74b3
eb0657e499e1fb7f14fb84676665efbb
006b8d7d7f3b08006de5325f110979b0
43af1b8096355ed340a48a9032741b1f
7951c12d790ea80593da042600e02a9c
964a7e0fbd542db73bfb048801840dfc
4b7f4a0037a1114cc655466a88b73e64
e31be0030b1e0a614850470e7b5137ee
a597a388e89fd27ccbd6aedd5b1b5117
9303b396152a8a2be02f64df6c55f682
396e22bf6e88e489d3261843af7456ff
1d724fb3dfbb3131ad231b55a8c0045a
3c546d9083576520f71d29b677584c5a
3e18929b8b98bcb0ae87d9d6c466f61d
ffbea093aa3cacb115dcae22320ab1fa
133e6b922100d2a166e46fe9e853ffae
74d13ea0e92a4d72885f98e7063c0ec9
6947e5dc1c8e93b676ba5e358a377720
5193cfa40792dedcaee14113d4ba5079
c64e0a106c206780df1771cc8e82edd4
575b59a8b83026c799f9a9fe1f42c47b
b8ceeff7be562512d09dbb1b9a6b0146
555510dc6b73cf5c3af994fde0dcaa9f
91dd452f6daa450bdc1b04dc7b017bff
8d72fe176847648b68549991269955ea
b676a3161b7b927e52d3bef7ec8fe9dc
98894852cae4c9d7ff37fd514c5f9f64
f51ae8ad7e5df43b967caa66a4f24d43
8cd4b3689c400f0a60eddde708bf9a5c
3187420b24fa3870937a0860de904163
cb44497cd7b21f43490e53f2d6444c0b
f30239976f3d6a228a985b664947b7e7
c1144637ce40d448acd27fbf5e2271b1
37b45be9deae3fa96615f7ec5624c826
acd7f7cf7aa026bb18a1b1b3ee8ae667
9dd0176f35d0a643978af4a5ae9c296d
430acc02e7e3aef956aeca048335e7b4
9cd7b183896372f6b3b53941a2953a3a
1e401cf567790d1e7c3951c1030f902f
99dfdf6b5106c7df73598bb0bbf92413
9e5cbd9a3a12da8f0ed3012e6741d6c6
102ba7b318a94ec7f3a45ec34dc4791a
6d1b5e14587d2a2e54714312c3be19e6
233a86ac91cc72e5e293db5f760ca888
b07c7f3c33a7b40c02da184c4a9a37dc
bc9476c7ecb1dd182f666ba6ef45c7aa
1064ad5319e9080288f5649ba6b63680
87d52b8e846b3675b36c8af1aee7fd41
308d31827dacb0ea42a718145171d297
f2fa5062f348d6f3cca9fae840409a28
6ab74622c6c9814cc6db4560da441693
d69d3aa794db3be86f143249d3e13d3e
bd2405de1877393b4865eb8f68c99037
7f1d3bc84a5b2a2d5edec134c5d41d8e
0a3d0e0f8e0cf9e959dab555792e9eb8
d7dfa9b654c3db1777250bbdaca37187
0170f6e8a8ea82841b04ca179ead69da
3036c2e76395302ccecff7214f8ef1c6
2ef670ca22d539286a48d0d608324d7b
cf39163554def9834acfeff501bb113a
a8d07b6353dfba0ff6db8f32a78b96b9
c73861675d557e807f1155da381a7fe8
f876634b46818131aff67397028ced25
35e98359cbab89134403b06dc17caef5
7536d47a3e9c3feef92389ab27f9db97
ac1042aa2503fcb327a3429cc415edd0
ec48b5bdd94e9aae9ae0d2e0196b886b
4ef425c200a68460a8cce8669928353c
b4a686fd4dd2cb9c836ac891ad6a37a3
7e3be572ffce5219a7943892d5443560
84b7a903d660914db2d2aa06d0b69b84
d3e4f1368154c29709bb8585852b398d
1007e3458379a6d9cafa4ba2705ea62b
000102030405060708090a0b0c0d0e0f
464bba3fb2fc1e4dcadcc3998fb54e6b
42ef9bc96e241c2535cddbc42ad822d9
25e6dbf0624d84a202d322f6687ffff3
eab0c7b5461c21d47069361b4375a25c
5dafa0d437fa1fdc6c0b3a4f0786eb96
fbadb57de8c7efc58ed973b03dbfaf4b
