(1 times) 0.835V -> delay 29 -> 0.630V -> delay 35 -> 0.835V
resp:Armed!
count: 1
	[Enclave] plai7DC1A55C5B8E8EC02D58C1B9237E86DE
	[Enclave] ciphertext1: C32D3CEC1318F9C8833845D14E4E4509
	[Enclave] ciphertext2: E9E34190E779A6D28A52FB6415C393CA
	[Enclave] Iteration: 561
	[Enclave] >>>>> INCORRECT ENCRYPTION <<<<
	[Enclave] dec: D03C2193F08CB3DF703FE25A036575CC	[Enclave] FAF25CEF04EDECC579555CEF58E8A30F	[Enclave] 10: 2ACE7D7CF4615F1A096ABEB55B8DD6C3.
	[Enclave] dec: EF1C9E4BC4F1D9A54C4D1D925D2F55F5	[Enclave] EF1C9E3FC4F1FEA54C911D92952F55F5	[Enclave] 09: 000000740000270000DC0000C8000000.
	[Enclave] dec: A4D2071F3762EA0E9038844A99F8D5CC	[Enclave] A4D2071F3762EA0E9038844A9911D5CC	[Enclave] 08: 00000000000000000000000000E90000.
	[Enclave] dec: 4995A29DAC245D23AF637D4F350B1EDE	[Enclave] 5F89B087AC245D23AF637D4F350B1EDE	[Enclave] 07: 161C121A000000000000000000000000.
	[Enclave] dec: 8B3971CD13AD67F0FE480F8C715ED300	[Enclave] 5002CAB63CBAF606DC081C1B7A1FFDFB	[Enclave] 06: DB3BBB7B2F1791F6224013970B412EFB.
	[Enclave] dec: A2BBCCB708F48CB0DA0C678090C86099	[Enclave] 2D1E2C04743D48235DA2D753BCD5A4B3	[Enclave] 05: 8FA5E0B37CC9C49387AEB0D32C1DC42A.
	[Enclave] dec: 3CD2CB833E0F56116A1CF685F7137FD4	[Enclave] E08BAA4A8319026BED26C11E89884946	[Enclave] 04: DC5961C9BD16547A873A379B7E9B3692.
	[Enclave] dec: E523D5BA68B25A44FC275791ACF376B	[Enclave] 306DAC6D904E3D47758D7D24E0D12B6E	[Enclave] 03: D54E79D7F8FC670389AA2ACDFA1E1C05.
	[Enclave] dec: F7A6F76F5BF6CEEAD55A388CF6EEE91C	[Enclave] FC83FD3E18AE7D568DC874B75704D5BF	[Enclave] 02: 0B250A514358B3BC58924C3BA1EA3CA3.
	[Enclave] dec: 5B4DBC2D81BD65256CDAB57704CC9BDC	[Enclave] FF3D1F3ECFD1C4CF3F8F5CC615BAC437	[Enclave] 01: A470A3134E6CA1EA5355E9B111765FEB.
	[Enclave] dec: 5726D0C19560EE05B0C472983C77B2F5	[Enclave] 7DC1A55C5B8E8EC02D58C1B9237E86DE	[Enclave] 00: 2AE7759DCEEE60C59D9CB3211F09342B.


tryagain@tryagain-Z170X-Gaming-3:~/voltpillager/additional/dfa-aes/analysis$ ./dfa 4 1 ../../../poc/sgx-aes-ni/logs/faulty_result2.txt
(0) Analysing ciphertext pair:

c32d3cec1318f9c8833845d14e4e4509 e9e34190e779a6d28a52fb6415c393ca

Number of core(s): 4
----------------------------------------------------
Fault location: 1
Applying standard filter. Done.
Size of keyspace: 4026531840 = 2^31.906891
Applying improved filter. Done.
Size of keyspace: 238 = 2^7.894818

238 masterkeys written to keys-0.csv

tryagain@tryagain-Z170X-Gaming-3:~/voltpillager/additional/dfa-aes/analysis$ cat keys-0.csv | grep 0102
000102030405060708090a0b0c0d0e0f
tryagain@tryagain-Z170X-Gaming-3:~/voltpillager/additional/dfa-aes/analysis$ cat keys-0.csv
5b2b88e7d93d93d52e1ef8d94a303305
ac85ffc9595e0dcba3b4beb19533650b
1cde64be78b06b723251b10f3188bfa0
906a735535b422d7ec6fd464f244c388
7d8bbc0c185603f4c54dc63eab02284f
b257951b9fc714d8f016f47e4f50fc51
9f23553b38753e71583a8ea6e9aed45d
5f0abe690f6ec44b5908619d7d2da4af
4af08558e40c888d2ad7658c8d825beb
853046a1cc136c9f52a0244e5d3d5431
1d40e55899f5ceb2f760cec1065a7813
20195db1aaddd90595fd0f35fc0c65b4
0b750732455c7dd031c62eea71165391
a64582a54a1ae0d7be3139c80d920858
b86372755bb9e6e0f2e86ac449f230d5
8bdb54ffe7bc76bf53cf7365d39f58a4
fae4a4c63cd1688976ac475152d9cdc1
749a9f00e5aa28862c2a8cd8599a2f73
397473cb7b5a80f0eee9cd05949c4623
9a90826d95018842e906f37a5c58f08f
b1f5b7b33d101bb677e964b9c4730250
177046ac07cf3d21000b29fa45f03173
834930b9d09aebe157bc76ff6e623732
27818e58ebd6a13e7b4dbc8467b9119d
2d460a285e09d7f0183d7c7493cdae6b
a307fe5fa426fff0bf89e0f5139882be
42da92e647b217ae0f5c6353afc1f485
8887af6ff67ce4b5e4af95efe3c673b9
5c37a8856e8152170d87819678f9ca7f
eaa626e2faf6ddbce84ce90d7e441dc2
57ad7940fdb55cdacd95a21037cf489f
f7247c988804ea6f6d0317c4b34df487
261733d50061c045c56f7a1f8905f7be
83fd947080863ac0a8aff9a08b67a16b
c5705360f905dc5132a322e0653baaff
8622c8a1ed58610d171d1fc7c477503f
eab539061ab6a0e275efa75ed12fb327
a0884fe53792070b9c0242c2f747f941
07e65c3ca2b38307d475032a3bf499a3
d740a3393df65e5638f663feb5b42520
982d307cd67264c5639861466b4874b5
3565c260d43f611472f0e69953c7283e
91da6240ef8e9240808c90181ccad834
8265c6d845f3a6dca03cb24cc32212f2
1632a40ceccc3ccc6a7cca94177d28f9
8cce8399c4933c8a1fe8ff2bd5b6699f
674ad32264c97ef299f70af346cb86e1
73dc6a06da9d9e739e52adbe2d808ac3
a91bbab8f85cb601ae2cacd546ea5dfc
e1898f31cafa94ba2c2def7e507c695b
686889dc38bd5e492603a851c898a58e
7b1075a746eb724f45e3b2af178dab44
a2eb1a4adb9454085ee9e97662f0b19d
c392c67f5bfeaf849f65db1ad1a9f3ea
a67adf2edaa7f1f4c6eff1144ac64593
8b6fcd9ebb7ca2707e7ae08fb90dbc02
ea00eae245ce1e387fc9313191653ce3
1964d21304e47600fbb9cd7a90b8903d
6e006e5846dec7389c4a934a2df79eaa
75f427cf4281fa66577adb4d1dd10203
a69b389eaf5f1925e072103e8c55b634
59ff29565caf27404f9e25b141101b41
6a68d20a7ba5c7812bd3ce10f016fd45
5c8eb63220276fbc8e134369e07aeaf3
f267546c237531415097af09fe804c15
e41408b1ea568b37faa554098d42f3b8
e87da9170ccf2aaabe8edcb9158d3fb7
daf74fdebe25b99d981697bb5aa26735
7829aa0288bb4fe2ecfd1ad26fcc70d9
3f4a51d77964f35226700576ff73f918
28c0a60b629f80877c3dafa3d1ae5f2a
f55419966f919964400d3d52f0224b00
8a88c9984aacf440dd890198d3d54e7c
f73ec205711c957e03806da4ef7086fa
a278b90e280e7c2f6048b79c43d27533
49513aac80a6d264ddc5d6ba70db1a83
6073901433b1255d7f83ede199145372
ba46b4da171c1b7222c0be94c594c2bb
6ea158d99af1b11c50185db3d127b780
dab8a992b57d5e1b199a661c73b326b7
7a1c5fea2c75bd160952498cb970ff55
41fe91e60629bd651cc426c3ad8f2942
bf08a36b5caa20b0ff554784ea65fbe4
d025d574d965492e3ebbbaa51ddf80c8
37694e101a3baa27dbd377abf319dfd9
836a8f2710c2edf0c8572a7a72dbd6af
8d255ebbcce6fcc981d120c2b3124480
ae86be0cc81d0c661e1b372a9b83b8c8
aac5376dfcbe71adf0e1714730b41033
d62ef6063fb111c42a98275745498f2f
fd2a5e3216867a550b58e66cd0f18a27
cf5b94770cf056ceb80193a08ad9a8fd
96304c24149fc3ac55718b130ec6c44e
592b79c792e6e8d3d70bfc6583910f3a
a8708d69762f3a530877aefdf35af380
cebfb3f80dbc910cf57febeb6e793cda
d6916485ddae822c37210dae284fca4b
b6dad9ff3bd420a16479dcb74d491a57
d2cf4c5b55c9e4b2882fc6f000144eb0
043d7fb54ed947e6e5dcddd1ebb7d6e9
8b911a5cb14c6c1afca27b978cddfc7c
950e9a5d30f4119e4d87eba02c02ef19
1dca859cd5259aceffa6c4d7742adf34
e83ebf1beac842f5e4220a73783602d8
23500049afebac3ada56b9d886c3f133
ec96b15a1f19c98802764b47b004d47d
75e57da7a895618f0c7a2ba0a510c84a
c6d1a05b1372695deef18e8493862da8
20fc0fb7571a2179232c6147d87c6fe7
9aed21bd601c9f7b270a904756c1226f
15753af7fb3d50deea85c1b2e6e44073
34ca175ebca3a2f224ad7298a4db9e00
1ee8f35e991d64b9a79205072f4ee8f1
fd06776005cc39921ca90fab27979ffe
cc0b11784c5783cbf532f1531b889381
5fe2d2e9a13cb309b580b2fd68e5d6c6
455df0c09c23e7818e692e5d09cb89d9
b330793dcc20536b548fc9fdc32741f7
2256fe41ffd0995b63570c3f74587e04
9b006acefc5921c449e0cf90c1017071
3554cdb7c9de3af2750dc8521414f6e6
ea76fadd500d8dc218ff61185119f7b7
fac3a10c3b82f5353c638e9d485c8af9
d925d8042aa55c0ba104a1474946f4e1
6e1f5aa314805df2109b99810a17fe15
d36ddc2a041dfa1f76ea0dba27930581
8a750b4804f095e921a94efce88e3b0d
0d0188bdcce414043f918ec88aa32ad5
d10a9510217d4d91f99e78677c7b2d01
30bfef3f55d2a8af72a68a72828affff
000102030405060708090a0b0c0d0e0f
6cdcc20b5a4694f5f193a09542f40163
dab6ac9530db73e1d306d1d0146dcf5b
def40d39c01cb69317e9aabfd9170dd4
e3597861048a1711343b7378540a662f
1c2a0259ad2261444413eade26231b0e
49d4917ab9c7ba298080f45aade96fa8
80aa2677fd855d0d3d5a5b983f69e4bf
8d66d56ddd5b92f613fae60fa9388ae4
93c939d3dfa7fa0fb1254dde5aac4e05
6a8389263d33c696968bc5974b349382
fb6bb41429a3dea5b01bcbb741652d04
796aa3ae0f27966d1f38daf2096d8ef6
8a616733398a5fa98a7456c6f238a130
4ad06f697a657f88eae7d16b2a2d7181
04e3c1043222195beeefa28e2369d7e9
aa6cb08d3edc3018c560f9829ed32e4b
7d73bc44dfdcf331c37b0fc6b373e538
3562277c76bb0d578cf59f6dd80c2d17
0d27d0a1e35ce0eae68ba7600942d864
a2f86bf45515d34c3f3b0e87d639733f
3f00ba27fd66b988bfff7fbd5acb6df9
a1afbd0916eeffa7d88fd8d98e285ecb
bc0419d022a71a8bc28bac5ecd735ae5
748ceb679c67df30c7736ce5a9edefd1
b3bc216e4e93251c467338a6c9b7ef5f
4c15114d52de0124349818711728a574
2278c31817fdce28199509373b781051
2dcb8a8bfbdcfd46ff3c4b80ff8e5cb7
225c1de201982f6b7a69e5a533b68f11
cf1de1bcfc0d0241fc847b315cb34f74
1faf88170111487b37ef4b0ab652a039
b98a9b1ab6f797c8e36293fabfae4aa3
aaef772474b446fc9c696a4ecae47860
58c9e4f267d5bb34531ddc6bbe905699
947d42b36c178ba5371f1c9bbcb8aa97
aa81031c7b4adacaf3b6513ba2e16739
8e30f19e3498c4a132ba77ec42520ff4
7873b7a55c486a490b3c9a9721bdb71e
adfca26762455d751ee2282d7cef99c6
4628060f7f4e3a4918bd48f62ee7bbe3
e0caa7f16921a28f5d8c391b71bce2b2
5d12052476c7c81627e8b0ed8fa1959a
2feac61b129d0316930d1b3473345067
76e902046b0076fbbdb7743ceb488ea7
4d96a746da65fae63fef89cadd5865c2
87b0a32b3483f0a429b5cf6cbdd043ad
0ce49f2b5c822145e71b2585c72d638f
dcce647fab664870b4babbb6baf454dc
7d1e5bb0bf9625d3e4f9081a571e20bb
09c92aef6fe04baa8b12a7d1a71000a9
6afdb951774ad8bb270fe52f77577ad4
be0ba263df751aa8ed434c44e942121f
0b3f3175004cbb6070f7314f66e3bd52
c505651a06213117acfccf2ad11ac855
25227c1724b9f3ecc9e98f271e2ef3e1
61f8dd066099e867ca17b2bffbaa079f
d284b6b98239a73006b63478f222d3a0
a0b6b889fa688167786e3cd03c9eb126
d4b43a99a6f84f404cea8e015acfae29
93faea90a60a21858fdd49aa6022d972
e6b47b3e9bd401cf4c8505f870ae7fb3
2634937297db8f628c615d8ac7fa1f1f
9bd917b6f2429d570d23b9423777e3f7
694fc3e775a6df660663d4dd61332d6f
a45da4da33efdfe4b79fe8ceeb7ccfaf
284306db9b9fe8f2e3471fc319203cc7
746c340f40678488b1b7d55917f4531d
986cc595d3f9f536d2b46b869d09a1b2
b17c7ff51b14b77736514ce531881116
8067e83884f21868073afc68e70df0e3
6b7ec7704577a4139da8dc849a9f8007
424174ea1ebaecd3854ad0071e201e34
35b8ee6ac7e11ebbbf63dd00d3b7afb1
0a615c5abfbcb9d810d1e55d0f35ba0a
ad8c01f7ed266f71a97f6165818e7269
5ff683d0c98075d0f14f951c7772e6b8
e4b0b6c45307a11ee0d6e48f8b622e04
a784e1a11b6d797630d2dbfa74749d5e
b191d060d4dbc3558ac8acc21bfb5814
c7552d0c08aa486a6c5a1db6d10656c1
24e7ba854ac44294c8e2fd2d87cf0dba
c20ca91e79b7af228d83a20862342693
fc2bd35a7c1d3e54206c0d9750c15b73
b4f77f5e1dae172feabc178182142d9f
52017feb606ad80cfe7e2cb9e08d2e53
0d4b75df60307efccc25063a524483d9
4cbdc1060e1e667fa385b6d68fe969ae
fd28b6b551b7496d144833b19d1954ab
2bf10b6bbd8483abd8157bf96f282848
cb968c89850319a13086081d0f1d38db
c1b3d7381cb974a9455eff0887aa3452
e798ea101d869bfab2e9687ca2174958
8c53fdb4477f564be17f75d75a06f655
be54e60d10bf38483da02e1448985af2
be333e9cfd691edab110f5c99e6ccf66
82774c27ba4bd7225fc8c6bf2b231453
ac13fe5b97902206e955936476c66530
741462d34fc19288060d9399b8ea89a0
75b615636c9703266a91bc721cd686ae
e9d6964407a9f8b06dcf69382deffba4
f1c6f26256f7f6d0d1e4730c5bcda4b6
15c55ea3e796ce61510921f5a83fec8e
189dfec72d70d33430bb8db1415ebfec
96f76c82fb902da999ae60988acb2ffc
b1108ad8cb0637c3034b4837c7d778ea
41b8a258e175e686e642bf897f69bc0d
9da4a0817ec9f0653c241593947e1ca0
