tryagain@tryagain-Z170-Extreme4:~/voltpillager/poc/sgx-aes-ni$ sudo ./app 2000 3
Trigger serial: opened port /dev/ttyS0
set linux low latency mode
Teensy serial: opened port /dev/ttyACM0
send: delay 1300
resp:delay
Delay Set!
send: 1 0.8350 29 0.6400 -25 0.8350
resp: 1 0.8350 29 0.6400 -25 0.8350
(1 times) 0.835V -> delay 29 -> 0.640V -> delay 34 -> 0.835V
resp:Armed!
count: 0
send: delay 1300
resp:Triggered!
delay
send: 1 0.8350 29 0.6400 -25 0.8350
resp: Delay Set!
1 0.8350 29 0.6400 -25 0.8350
(1 times) 0.835V -> delay 29 -> 0.640V -> delay 34 -> 0.835V
resp:Armed!
count: 0
send: delay 1300
resp:Triggered!
delay
send: 1 0.8350 29 0.6400 -25 0.8350
resp: Delay Set!
1 0.8350 29 0.6400 -25 0.8350
(1 times) 0.835V -> delay 29 -> 0.640V -> delay 34 -> 0.835V
resp:Armed!
count: 0
send: delay 1300
resp:Triggered!
delay
send: 1 0.8350 29 0.6350 -25 0.8350
resp: Delay Set!
1 0.8350 29 0.6350 -25 0.8350
(1 times) 0.835V -> delay 29 -> 0.635V -> delay 35 -> 0.835V
resp:Armed!
count: 1
	[Enclave] plaintext: 32CC082FB704DA690B727BB859650723
	[Enclave] ciphertext1: 7854B2C287F7757652287CDC216A478B
	[Enclave] ciphertext2: B832A13E17204F9CD34BB4454626AFC6
	[Enclave] Iteration: 562
	[Enclave] >>>>> INCORRECT ENCRYPTION <<<<
	[Enclave] dec: 6B45AFBD64633F61A12FDB576C41774E	[Enclave] AB23BC41F4B4058B204C13CE0B0D9F03	[Enclave] 10: C06613FC90D73AEA8163C899674CE84D.
	[Enclave] dec: B4017B5A0A0ACFB9F022A0DCE3BBFDF0	[Enclave] B4017B510A0AF9B9F041A0DCF0BBFDF0	[Enclave] 09: 0000000B000036000063000013000000.
	[Enclave] dec: 649201E585FA3E3D8836F650C161F52C	[Enclave] 649201E585FA3E3D8836F650C157F52C	[Enclave] 08: 00000000000000000000000000360000.
	[Enclave] dec: 9B50A2E7D51D6B79F265DF5C8A870E00	[Enclave] 8D4CB0FDD51D6B79F265DF5C8A870E00	[Enclave] 07: 161C121A000000000000000000000000.
	[Enclave] dec: E6681EC70853EC4BC5B86283F8EB1119	[Enclave] E3E2FFF5C8664E2DE7F871148DEC5DB6	[Enclave] 06: 058AE132C035A2662240139775074CAF.
	[Enclave] dec: 9889BFDDDCECFB61FE9F39335FD68615	[Enclave] A325CC8F3DCC96BB74203E564E464D02	[Enclave] 05: 3BAC7352E1206DDA8ABF07651190CB17.
	[Enclave] dec: BBDC09BE62730A5D0C57A1B5E5CFF91B	[Enclave] 0A8760D090D3C58E4FA10451C99E6219	[Enclave] 04: B15B696EF2A0CFD343F6A5E42C519B02.
	[Enclave] dec: 33D4B9F0ECD4E439A9CD0BE3E146FCC1	[Enclave] 6BB59394979E28E0BDCD825130A5B032	[Enclave] 03: 58612A647B4ACCD9140089B2D1E34CF3.
	[Enclave] dec: 1496386105B23F1F66F8E1376C787AA2	[Enclave] B4892363AFEF8806AF74D97377BB7921	[Enclave] 02: A01F1B02AA5DB719C98C38441BC30383.
	[Enclave] dec: 80294A67C425061ED5813A1A3D3CA2F2	[Enclave] 237CA3716D2101717B45679FFCBD866D	[Enclave] 01: A355E916A904076FAEC45D85C181249F.
	[Enclave] dec: 3A6CA0EA8C491C44BDCB560F879CAB05	[Enclave] 32CC082FB704DA690B727BB859650723	[Enclave] 00: 08A0A8C53B4DC62DB6B92DB7DEF9AC26.